[1127/111236.607:ERROR:process_info.cc(329)] VirtualQueryEx: Access is denied. (0x5)
[1127/111236.610:ERROR:process_info.cc(556)] ReadMemoryInfo failed
[1127/111236.610:ERROR:process_memory_win.cc(39)] Failed to initialize ProcessInfo.
[1127/111236.610:ERROR:scoped_process_suspend.cc(40)] NtResumeProcess: An attempt was made to access an exiting process. (0xc000010a)
[1127/113053.891:ERROR:scoped_process_suspend.cc(31)] NtSuspendProcess: An attempt was made to access an exiting process. (0xc000010a)
[1127/113053.903:ERROR:process_info.cc(118)] ReadProcessMemory bool __cdecl crashpad::(anonymous namespace)::ReadStruct(HANDLE, crashpad::WinVMAddress, T *) [T = crashpad::process_types::PEB<crashpad::process_types::internal::Traits64>]: Only part of a ReadProcessMemory or WriteProcessMemory request was completed. (0x12B)
[1127/113053.904:ERROR:process_info.cc(551)] ReadProcessData failed
[1127/133701.423:ERROR:process_memory_win.cc(73)] ReadMemory at 0x89b63e2000 of 122880 bytes failed: Only part of a ReadProcessMemory or WriteProcessMemory request was completed. (0x12B)
[1127/133701.450:ERROR:process_memory_win.cc(73)] ReadMemory at 0x89b6bfd000 of 12288 bytes failed: Only part of a ReadProcessMemory or WriteProcessMemory request was completed. (0x12B)
[1127/133701.450:ERROR:process_memory_win.cc(73)] ReadMemory at 0x89b73f9000 of 28672 bytes failed: Only part of a ReadProcessMemory or WriteProcessMemory request was completed. (0x12B)
[1127/133701.450:ERROR:process_memory_win.cc(73)] ReadMemory at 0x89b7bfc000 of 16384 bytes failed: Only part of a ReadProcessMemory or WriteProcessMemory request was completed. (0x12B)
[1127/133701.450:ERROR:process_memory_win.cc(73)] ReadMemory at 0x89b83fb000 of 20480 bytes failed: Only part of a ReadProcessMemory or WriteProcessMemory request was completed. (0x12B)
[1127/133701.450:ERROR:process_memory_win.cc(73)] ReadMemory at 0x89b8bfe000 of 8192 bytes failed: Only part of a ReadProcessMemory or WriteProcessMemory request was completed. (0x12B)
[1127/133701.450:ERROR:process_memory_win.cc(73)] ReadMemory at 0x89b93fd000 of 12288 bytes failed: Only part of a ReadProcessMemory or WriteProcessMemory request was completed. (0x12B)
[1127/133701.450:ERROR:process_memory_win.cc(73)] ReadMemory at 0x89b9bfb000 of 20480 bytes failed: Only part of a ReadProcessMemory or WriteProcessMemory request was completed. (0x12B)
[1127/133701.450:ERROR:process_memory_win.cc(73)] ReadMemory at 0x89ba3fd000 of 12288 bytes failed: Only part of a ReadProcessMemory or WriteProcessMemory request was completed. (0x12B)
[1127/133701.450:ERROR:process_memory_win.cc(73)] ReadMemory at 0x89babfa000 of 24576 bytes failed: Only part of a ReadProcessMemory or WriteProcessMemory request was completed. (0x12B)
[1127/133701.450:ERROR:process_memory_win.cc(73)] ReadMemory at 0x89bb3fb000 of 20480 bytes failed: Only part of a ReadProcessMemory or WriteProcessMemory request was completed. (0x12B)
[1127/133701.451:ERROR:process_memory_win.cc(73)] ReadMemory at 0x89bbbfd000 of 12288 bytes failed: Only part of a ReadProcessMemory or WriteProcessMemory request was completed. (0x12B)
[1127/133701.451:ERROR:process_memory_win.cc(73)] ReadMemory at 0x89bc3f8000 of 32768 bytes failed: Only part of a ReadProcessMemory or WriteProcessMemory request was completed. (0x12B)
[1127/133701.451:ERROR:process_memory_win.cc(73)] ReadMemory at 0x89bcbf9000 of 28672 bytes failed: Only part of a ReadProcessMemory or WriteProcessMemory request was completed. (0x12B)
[1127/133701.451:ERROR:process_memory_win.cc(73)] ReadMemory at 0x89bd3fd000 of 12288 bytes failed: Only part of a ReadProcessMemory or WriteProcessMemory request was completed. (0x12B)
[1127/133701.451:ERROR:process_memory_win.cc(73)] ReadMemory at 0x89b5a1b000 of 852 bytes failed: Only part of a ReadProcessMemory or WriteProcessMemory request was completed. (0x12B)
[1127/133701.451:ERROR:process_memory_win.cc(73)] ReadMemory at 0x89b5a1c000 of 6024 bytes failed: Only part of a ReadProcessMemory or WriteProcessMemory request was completed. (0x12B)
[1127/133701.451:ERROR:process_memory_win.cc(73)] ReadMemory at 0x89b5a1e000 of 6024 bytes failed: Only part of a ReadProcessMemory or WriteProcessMemory request was completed. (0x12B)
[1127/133701.451:ERROR:process_memory_win.cc(73)] ReadMemory at 0x89b5a20000 of 6024 bytes failed: Only part of a ReadProcessMemory or WriteProcessMemory request was completed. (0x12B)
[1127/133701.451:ERROR:process_memory_win.cc(73)] ReadMemory at 0x89b5a22000 of 6024 bytes failed: Only part of a ReadProcessMemory or WriteProcessMemory request was completed. (0x12B)
[1127/133701.451:ERROR:process_memory_win.cc(73)] ReadMemory at 0x89b5a24000 of 6024 bytes failed: Only part of a ReadProcessMemory or WriteProcessMemory request was completed. (0x12B)
[1127/133701.452:ERROR:process_memory_win.cc(73)] ReadMemory at 0x89b5a26000 of 6024 bytes failed: Only part of a ReadProcessMemory or WriteProcessMemory request was completed. (0x12B)
[1127/133701.452:ERROR:process_memory_win.cc(73)] ReadMemory at 0x89b5a28000 of 6024 bytes failed: Only part of a ReadProcessMemory or WriteProcessMemory request was completed. (0x12B)
[1127/133701.452:ERROR:process_memory_win.cc(73)] ReadMemory at 0x89b5a2a000 of 6024 bytes failed: Only part of a ReadProcessMemory or WriteProcessMemory request was completed. (0x12B)
[1127/133701.452:ERROR:process_memory_win.cc(73)] ReadMemory at 0x89b5a2c000 of 6024 bytes failed: Only part of a ReadProcessMemory or WriteProcessMemory request was completed. (0x12B)
[1127/133701.452:ERROR:process_memory_win.cc(73)] ReadMemory at 0x89b5a2e000 of 6024 bytes failed: Only part of a ReadProcessMemory or WriteProcessMemory request was completed. (0x12B)
[1127/133701.452:ERROR:process_memory_win.cc(73)] ReadMemory at 0x89b5a30000 of 6024 bytes failed: Only part of a ReadProcessMemory or WriteProcessMemory request was completed. (0x12B)
[1127/133701.452:ERROR:process_memory_win.cc(73)] ReadMemory at 0x89b5a32000 of 6024 bytes failed: Only part of a ReadProcessMemory or WriteProcessMemory request was completed. (0x12B)
[1127/133701.452:ERROR:process_memory_win.cc(73)] ReadMemory at 0x89b5a34000 of 6024 bytes failed: Only part of a ReadProcessMemory or WriteProcessMemory request was completed. (0x12B)
[1127/133701.452:ERROR:process_memory_win.cc(73)] ReadMemory at 0x89b5a36000 of 6024 bytes failed: Only part of a ReadProcessMemory or WriteProcessMemory request was completed. (0x12B)
[1127/133701.453:ERROR:process_memory_win.cc(73)] ReadMemory at 0x89b5a38000 of 6024 bytes failed: Only part of a ReadProcessMemory or WriteProcessMemory request was completed. (0x12B)
[1127/133701.453:ERROR:process_memory_win.cc(73)] ReadMemory at 0x23400120d60 of 512 bytes failed: Only part of a ReadProcessMemory or WriteProcessMemory request was completed. (0x12B)
[1127/133701.453:ERROR:process_memory_win.cc(73)] ReadMemory at 0x23401a00000 of 512 bytes failed: Only part of a ReadProcessMemory or WriteProcessMemory request was completed. (0x12B)
[1127/133701.453:ERROR:process_memory_win.cc(73)] ReadMemory at 0x23401a00930 of 512 bytes failed: Only part of a ReadProcessMemory or WriteProcessMemory request was completed. (0x12B)
[1127/133701.453:ERROR:process_memory_win.cc(73)] ReadMemory at 0x23401a03730 of 512 bytes failed: Only part of a ReadProcessMemory or WriteProcessMemory request was completed. (0x12B)
[1127/133701.453:ERROR:process_memory_win.cc(73)] ReadMemory at 0x23401a04060 of 512 bytes failed: Only part of a ReadProcessMemory or WriteProcessMemory request was completed. (0x12B)
[1127/133701.453:ERROR:process_memory_win.cc(73)] ReadMemory at 0x23401a83db0 of 512 bytes failed: Only part of a ReadProcessMemory or WriteProcessMemory request was completed. (0x12B)
[1127/133701.453:ERROR:process_memory_win.cc(73)] ReadMemory at 0x23401a8eb60 of 512 bytes failed: Only part of a ReadProcessMemory or WriteProcessMemory request was completed. (0x12B)
[1127/133701.453:ERROR:process_memory_win.cc(73)] ReadMemory at 0x23401d00280 of 512 bytes failed: Only part of a ReadProcessMemory or WriteProcessMemory request was completed. (0x12B)
[1127/133701.453:ERROR:process_memory_win.cc(73)] ReadMemory at 0x23401da1680 of 512 bytes failed: Only part of a ReadProcessMemory or WriteProcessMemory request was completed. (0x12B)
[1127/133701.454:ERROR:process_memory_win.cc(73)] ReadMemory at 0x23401da1b00 of 512 bytes failed: Only part of a ReadProcessMemory or WriteProcessMemory request was completed. (0x12B)
[1127/133701.454:ERROR:process_memory_win.cc(73)] ReadMemory at 0x23401e64130 of 512 bytes failed: Only part of a ReadProcessMemory or WriteProcessMemory request was completed. (0x12B)
[1127/133701.454:ERROR:process_memory_win.cc(73)] ReadMemory at 0x23401e9efc8 of 512 bytes failed: Only part of a ReadProcessMemory or WriteProcessMemory request was completed. (0x12B)
[1127/133701.454:ERROR:process_memory_win.cc(73)] ReadMemory at 0x23401edce81 of 512 bytes failed: Only part of a ReadProcessMemory or WriteProcessMemory request was completed. (0x12B)
[1127/133701.454:ERROR:process_memory_win.cc(73)] ReadMemory at 0x234033aac10 of 512 bytes failed: Only part of a ReadProcessMemory or WriteProcessMemory request was completed. (0x12B)
[1127/133701.454:ERROR:process_memory_win.cc(73)] ReadMemory at 0x2340372ae18 of 512 bytes failed: Only part of a ReadProcessMemory or WriteProcessMemory request was completed. (0x12B)
[1127/133701.454:ERROR:process_memory_win.cc(73)] ReadMemory at 0x23403818bf8 of 512 bytes failed: Only part of a ReadProcessMemory or WriteProcessMemory request was completed. (0x12B)
[1127/133701.454:ERROR:process_memory_win.cc(73)] ReadMemory at 0x23403b35db0 of 512 bytes failed: Only part of a ReadProcessMemory or WriteProcessMemory request was completed. (0x12B)
[1127/133701.454:ERROR:process_memory_win.cc(73)] ReadMemory at 0x234496d0000 of 384 bytes failed: Only part of a ReadProcessMemory or WriteProcessMemory request was completed. (0x12B)
[1127/133701.454:ERROR:process_memory_win.cc(73)] ReadMemory at 0x234496d0fc0 of 4140 bytes failed: Only part of a ReadProcessMemory or WriteProcessMemory request was completed. (0x12B)
[1127/133701.454:ERROR:process_memory_win.cc(73)] ReadMemory at 0x234496d2000 of 1012 bytes failed: Only part of a ReadProcessMemory or WriteProcessMemory request was completed. (0x12B)
[1127/133701.455:ERROR:process_memory_win.cc(73)] ReadMemory at 0x234496d2618 of 106 bytes failed: Only part of a ReadProcessMemory or WriteProcessMemory request was completed. (0x12B)
[1127/133701.455:ERROR:process_memory_win.cc(73)] ReadMemory at 0x234496d2684 of 1086 bytes failed: Only part of a ReadProcessMemory or WriteProcessMemory request was completed. (0x12B)
[1127/133701.455:ERROR:process_memory_win.cc(73)] ReadMemory at 0x234496d2ac4 of 106 bytes failed: Only part of a ReadProcessMemory or WriteProcessMemory request was completed. (0x12B)
[1127/133701.455:ERROR:process_memory_win.cc(73)] ReadMemory at 0x234496d2b30 of 96 bytes failed: Only part of a ReadProcessMemory or WriteProcessMemory request was completed. (0x12B)
[1127/133701.455:ERROR:process_memory_win.cc(73)] ReadMemory at 0x234496d2ba0 of 58 bytes failed: Only part of a ReadProcessMemory or WriteProcessMemory request was completed. (0x12B)
[1127/133701.455:ERROR:process_memory_win.cc(73)] ReadMemory at 0x234496d2ca0 of 132 bytes failed: Only part of a ReadProcessMemory or WriteProcessMemory request was completed. (0x12B)
[1127/133701.455:ERROR:process_memory_win.cc(73)] ReadMemory at 0x234496d2e30 of 132 bytes failed: Only part of a ReadProcessMemory or WriteProcessMemory request was completed. (0x12B)
[1127/133701.455:ERROR:process_memory_win.cc(73)] ReadMemory at 0x234496d2ff0 of 114 bytes failed: Only part of a ReadProcessMemory or WriteProcessMemory request was completed. (0x12B)
[1127/133701.455:ERROR:process_memory_win.cc(73)] ReadMemory at 0x234496d33b0 of 132 bytes failed: Only part of a ReadProcessMemory or WriteProcessMemory request was completed. (0x12B)
[1127/133701.455:ERROR:process_memory_win.cc(73)] ReadMemory at 0x234496d3540 of 64 bytes failed: Only part of a ReadProcessMemory or WriteProcessMemory request was completed. (0x12B)
[1127/133701.455:ERROR:process_memory_win.cc(73)] ReadMemory at 0x234496d38c0 of 132 bytes failed: Only part of a ReadProcessMemory or WriteProcessMemory request was completed. (0x12B)
[1127/133701.455:ERROR:process_memory_win.cc(73)] ReadMemory at 0x234496d3a50 of 68 bytes failed: Only part of a ReadProcessMemory or WriteProcessMemory request was completed. (0x12B)
[1127/133701.456:ERROR:process_memory_win.cc(73)] ReadMemory at 0x234496d48b0 of 132 bytes failed: Only part of a ReadProcessMemory or WriteProcessMemory request was completed. (0x12B)
[1127/133701.456:ERROR:process_memory_win.cc(73)] ReadMemory at 0x234496d49e0 of 132 bytes failed: Only part of a ReadProcessMemory or WriteProcessMemory request was completed. (0x12B)
[1127/133701.456:ERROR:process_memory_win.cc(73)] ReadMemory at 0x234496d4b70 of 142 bytes failed: Only part of a ReadProcessMemory or WriteProcessMemory request was completed. (0x12B)
[1127/133701.456:ERROR:process_memory_win.cc(73)] ReadMemory at 0x234496d5940 of 62 bytes failed: Only part of a ReadProcessMemory or WriteProcessMemory request was completed. (0x12B)
[1127/133701.456:ERROR:process_memory_win.cc(73)] ReadMemory at 0x234496d5b10 of 132 bytes failed: Only part of a ReadProcessMemory or WriteProcessMemory request was completed. (0x12B)
[1127/133701.456:ERROR:process_memory_win.cc(73)] ReadMemory at 0x234496d5c40 of 60 bytes failed: Only part of a ReadProcessMemory or WriteProcessMemory request was completed. (0x12B)
[1127/133701.456:ERROR:process_memory_win.cc(73)] ReadMemory at 0x234496de480 of 64 bytes failed: Only part of a ReadProcessMemory or WriteProcessMemory request was completed. (0x12B)
[1127/133701.456:ERROR:process_memory_win.cc(73)] ReadMemory at 0x234496de4d0 of 64 bytes failed: Only part of a ReadProcessMemory or WriteProcessMemory request was completed. (0x12B)
[1127/133701.456:ERROR:process_memory_win.cc(73)] ReadMemory at 0x234496de700 of 58 bytes failed: Only part of a ReadProcessMemory or WriteProcessMemory request was completed. (0x12B)
[1127/133701.456:ERROR:process_memory_win.cc(73)] ReadMemory at 0x234496de840 of 64 bytes failed: Only part of a ReadProcessMemory or WriteProcessMemory request was completed. (0x12B)
[1127/133701.456:ERROR:process_memory_win.cc(73)] ReadMemory at 0x234496de9d0 of 62 bytes failed: Only part of a ReadProcessMemory or WriteProcessMemory request was completed. (0x12B)
[1127/133701.456:ERROR:process_memory_win.cc(73)] ReadMemory at 0x234496dea70 of 60 bytes failed: Only part of a ReadProcessMemory or WriteProcessMemory request was completed. (0x12B)
[1127/133701.456:ERROR:process_memory_win.cc(73)] ReadMemory at 0x234496deb60 of 66 bytes failed: Only part of a ReadProcessMemory or WriteProcessMemory request was completed. (0x12B)
[1127/133701.457:ERROR:process_memory_win.cc(73)] ReadMemory at 0x234496e1a00 of 80 bytes failed: Only part of a ReadProcessMemory or WriteProcessMemory request was completed. (0x12B)
[1127/133701.457:ERROR:process_memory_win.cc(73)] ReadMemory at 0x234496e3fd0 of 132 bytes failed: Only part of a ReadProcessMemory or WriteProcessMemory request was completed. (0x12B)
[1127/133701.457:ERROR:process_memory_win.cc(73)] ReadMemory at 0x234496e4100 of 132 bytes failed: Only part of a ReadProcessMemory or WriteProcessMemory request was completed. (0x12B)
[1127/133701.457:ERROR:process_memory_win.cc(73)] ReadMemory at 0x234496e4d30 of 132 bytes failed: Only part of a ReadProcessMemory or WriteProcessMemory request was completed. (0x12B)
[1127/133701.457:ERROR:process_memory_win.cc(73)] ReadMemory at 0x234496e6e00 of 512 bytes failed: Only part of a ReadProcessMemory or WriteProcessMemory request was completed. (0x12B)
[1127/133701.457:ERROR:process_memory_win.cc(73)] ReadMemory at 0x234496e78f0 of 132 bytes failed: Only part of a ReadProcessMemory or WriteProcessMemory request was completed. (0x12B)
[1127/133701.457:ERROR:process_memory_win.cc(73)] ReadMemory at 0x234496e8280 of 134 bytes failed: Only part of a ReadProcessMemory or WriteProcessMemory request was completed. (0x12B)
[1127/133701.457:ERROR:process_memory_win.cc(73)] ReadMemory at 0x234496e8320 of 132 bytes failed: Only part of a ReadProcessMemory or WriteProcessMemory request was completed. (0x12B)
[1127/133701.457:ERROR:process_memory_win.cc(73)] ReadMemory at 0x234496e89a0 of 132 bytes failed: Only part of a ReadProcessMemory or WriteProcessMemory request was completed. (0x12B)
[1127/133701.457:ERROR:process_memory_win.cc(73)] ReadMemory at 0x234496e9130 of 132 bytes failed: Only part of a ReadProcessMemory or WriteProcessMemory request was completed. (0x12B)
[1127/133701.457:ERROR:process_memory_win.cc(73)] ReadMemory at 0x234496e9330 of 132 bytes failed: Only part of a ReadProcessMemory or WriteProcessMemory request was completed. (0x12B)
[1127/133701.458:ERROR:process_memory_win.cc(73)] ReadMemory at 0x234496ea330 of 54 bytes failed: Only part of a ReadProcessMemory or WriteProcessMemory request was completed. (0x12B)
[1127/133701.458:ERROR:process_memory_win.cc(73)] ReadMemory at 0x234496eac40 of 80 bytes failed: Only part of a ReadProcessMemory or WriteProcessMemory request was completed. (0x12B)
[1127/133701.458:ERROR:process_memory_win.cc(73)] ReadMemory at 0x234496ef3b0 of 132 bytes failed: Only part of a ReadProcessMemory or WriteProcessMemory request was completed. (0x12B)
[1127/133701.458:ERROR:process_memory_win.cc(73)] ReadMemory at 0x234496ef750 of 132 bytes failed: Only part of a ReadProcessMemory or WriteProcessMemory request was completed. (0x12B)
[1127/133701.458:ERROR:process_memory_win.cc(73)] ReadMemory at 0x234496ef880 of 132 bytes failed: Only part of a ReadProcessMemory or WriteProcessMemory request was completed. (0x12B)
[1127/133701.458:ERROR:process_memory_win.cc(73)] ReadMemory at 0x234496ef9b0 of 132 bytes failed: Only part of a ReadProcessMemory or WriteProcessMemory request was completed. (0x12B)
[1127/133701.458:ERROR:process_memory_win.cc(73)] ReadMemory at 0x234496efae0 of 132 bytes failed: Only part of a ReadProcessMemory or WriteProcessMemory request was completed. (0x12B)
[1127/133701.458:ERROR:process_memory_win.cc(73)] ReadMemory at 0x234496efc10 of 132 bytes failed: Only part of a ReadProcessMemory or WriteProcessMemory request was completed. (0x12B)
[1127/133701.458:ERROR:process_memory_win.cc(73)] ReadMemory at 0x234496efd40 of 132 bytes failed: Only part of a ReadProcessMemory or WriteProcessMemory request was completed. (0x12B)
[1127/133701.459:ERROR:process_memory_win.cc(73)] ReadMemory at 0x234496efe70 of 132 bytes failed: Only part of a ReadProcessMemory or WriteProcessMemory request was completed. (0x12B)
[1127/133701.459:ERROR:process_memory_win.cc(73)] ReadMemory at 0x234496effa0 of 132 bytes failed: Only part of a ReadProcessMemory or WriteProcessMemory request was completed. (0x12B)
[1127/133701.459:ERROR:process_memory_win.cc(73)] ReadMemory at 0x234496f00d0 of 132 bytes failed: Only part of a ReadProcessMemory or WriteProcessMemory request was completed. (0x12B)
[1127/133701.459:ERROR:process_memory_win.cc(73)] ReadMemory at 0x234496f0200 of 132 bytes failed: Only part of a ReadProcessMemory or WriteProcessMemory request was completed. (0x12B)
[1127/133701.459:ERROR:process_memory_win.cc(73)] ReadMemory at 0x234496f0330 of 132 bytes failed: Only part of a ReadProcessMemory or WriteProcessMemory request was completed. (0x12B)
[1127/133701.459:ERROR:process_memory_win.cc(73)] ReadMemory at 0x234496f0460 of 132 bytes failed: Only part of a ReadProcessMemory or WriteProcessMemory request was completed. (0x12B)
[1127/133701.459:ERROR:process_memory_win.cc(73)] ReadMemory at 0x234496f0590 of 132 bytes failed: Only part of a ReadProcessMemory or WriteProcessMemory request was completed. (0x12B)
[1127/133701.459:ERROR:process_memory_win.cc(73)] ReadMemory at 0x234496f07b0 of 62 bytes failed: Only part of a ReadProcessMemory or WriteProcessMemory request was completed. (0x12B)
[1127/133701.459:ERROR:process_memory_win.cc(73)] ReadMemory at 0x234496f08a0 of 64 bytes failed: Only part of a ReadProcessMemory or WriteProcessMemory request was completed. (0x12B)
[1127/133701.459:ERROR:process_memory_win.cc(73)] ReadMemory at 0x234496f0990 of 64 bytes failed: Only part of a ReadProcessMemory or WriteProcessMemory request was completed. (0x12B)
[1127/133701.459:ERROR:process_memory_win.cc(73)] ReadMemory at 0x234496f0a30 of 62 bytes failed: Only part of a ReadProcessMemory or WriteProcessMemory request was completed. (0x12B)
[1127/133701.459:ERROR:process_memory_win.cc(73)] ReadMemory at 0x234496f0a80 of 62 bytes failed: Only part of a ReadProcessMemory or WriteProcessMemory request was completed. (0x12B)
[1127/133701.459:ERROR:process_memory_win.cc(73)] ReadMemory at 0x234496f0ad0 of 66 bytes failed: Only part of a ReadProcessMemory or WriteProcessMemory request was completed. (0x12B)
[1127/133701.459:ERROR:process_memory_win.cc(73)] ReadMemory at 0x234496f0b20 of 60 bytes failed: Only part of a ReadProcessMemory or WriteProcessMemory request was completed. (0x12B)
[1127/133701.460:ERROR:process_memory_win.cc(73)] ReadMemory at 0x234496f0c10 of 64 bytes failed: Only part of a ReadProcessMemory or WriteProcessMemory request was completed. (0x12B)
[1127/133701.460:ERROR:process_memory_win.cc(73)] ReadMemory at 0x234496f0d00 of 62 bytes failed: Only part of a ReadProcessMemory or WriteProcessMemory request was completed. (0x12B)
[1127/133701.460:ERROR:process_memory_win.cc(73)] ReadMemory at 0x234496f0d50 of 62 bytes failed: Only part of a ReadProcessMemory or WriteProcessMemory request was completed. (0x12B)
[1127/133701.460:ERROR:process_memory_win.cc(73)] ReadMemory at 0x234496f0f80 of 62 bytes failed: Only part of a ReadProcessMemory or WriteProcessMemory request was completed. (0x12B)
[1127/133701.460:ERROR:process_memory_win.cc(73)] ReadMemory at 0x234496f1020 of 60 bytes failed: Only part of a ReadProcessMemory or WriteProcessMemory request was completed. (0x12B)
[1127/133701.460:ERROR:process_memory_win.cc(73)] ReadMemory at 0x234496f1110 of 64 bytes failed: Only part of a ReadProcessMemory or WriteProcessMemory request was completed. (0x12B)
[1127/133701.460:ERROR:process_memory_win.cc(73)] ReadMemory at 0x234496f1250 of 62 bytes failed: Only part of a ReadProcessMemory or WriteProcessMemory request was completed. (0x12B)
[1127/133701.460:ERROR:process_memory_win.cc(73)] ReadMemory at 0x234496f12a0 of 60 bytes failed: Only part of a ReadProcessMemory or WriteProcessMemory request was completed. (0x12B)
[1127/133701.460:ERROR:process_memory_win.cc(73)] ReadMemory at 0x234496f1390 of 62 bytes failed: Only part of a ReadProcessMemory or WriteProcessMemory request was completed. (0x12B)
[1127/133701.460:ERROR:process_memory_win.cc(73)] ReadMemory at 0x234496f1430 of 60 bytes failed: Only part of a ReadProcessMemory or WriteProcessMemory request was completed. (0x12B)
[1127/133701.460:ERROR:process_memory_win.cc(73)] ReadMemory at 0x234496f1520 of 64 bytes failed: Only part of a ReadProcessMemory or WriteProcessMemory request was completed. (0x12B)
[1127/133701.460:ERROR:process_memory_win.cc(73)] ReadMemory at 0x234496f3bf0 of 132 bytes failed: Only part of a ReadProcessMemory or WriteProcessMemory request was completed. (0x12B)
[1127/133701.460:ERROR:process_memory_win.cc(73)] ReadMemory at 0x234496f3d20 of 132 bytes failed: Only part of a ReadProcessMemory or WriteProcessMemory request was completed. (0x12B)
[1127/133701.460:ERROR:process_memory_win.cc(73)] ReadMemory at 0x234496f3e50 of 132 bytes failed: Only part of a ReadProcessMemory or WriteProcessMemory request was completed. (0x12B)
[1127/133701.460:ERROR:process_memory_win.cc(73)] ReadMemory at 0x234496f3f80 of 132 bytes failed: Only part of a ReadProcessMemory or WriteProcessMemory request was completed. (0x12B)
[1127/133701.460:ERROR:process_memory_win.cc(73)] ReadMemory at 0x234496f40b0 of 132 bytes failed: Only part of a ReadProcessMemory or WriteProcessMemory request was completed. (0x12B)
[1127/133701.464:ERROR:process_memory_win.cc(73)] ReadMemory at 0x234496f4570 of 132 bytes failed: Only part of a ReadProcessMemory or WriteProcessMemory request was completed. (0x12B)
[1127/133701.464:ERROR:process_memory_win.cc(73)] ReadMemory at 0x234496f47d0 of 132 bytes failed: Only part of a ReadProcessMemory or WriteProcessMemory request was completed. (0x12B)
[1127/133701.464:ERROR:process_memory_win.cc(73)] ReadMemory at 0x234496f4900 of 132 bytes failed: Only part of a ReadProcessMemory or WriteProcessMemory request was completed. (0x12B)
[1127/133701.464:ERROR:process_memory_win.cc(73)] ReadMemory at 0x234496f4a30 of 132 bytes failed: Only part of a ReadProcessMemory or WriteProcessMemory request was completed. (0x12B)
[1127/133701.465:ERROR:process_memory_win.cc(73)] ReadMemory at 0x234496f4b60 of 132 bytes failed: Only part of a ReadProcessMemory or WriteProcessMemory request was completed. (0x12B)
[1127/133701.465:ERROR:process_memory_win.cc(73)] ReadMemory at 0x234496f4dc0 of 132 bytes failed: Only part of a ReadProcessMemory or WriteProcessMemory request was completed. (0x12B)
[1127/133701.465:ERROR:process_memory_win.cc(73)] ReadMemory at 0x234496f4ef0 of 132 bytes failed: Only part of a ReadProcessMemory or WriteProcessMemory request was completed. (0x12B)
[1127/133701.465:ERROR:process_memory_win.cc(73)] ReadMemory at 0x234496f5150 of 132 bytes failed: Only part of a ReadProcessMemory or WriteProcessMemory request was completed. (0x12B)
[1127/133701.465:ERROR:process_memory_win.cc(73)] ReadMemory at 0x234496f5280 of 132 bytes failed: Only part of a ReadProcessMemory or WriteProcessMemory request was completed. (0x12B)
[1127/133701.465:ERROR:process_memory_win.cc(73)] ReadMemory at 0x234496f53b0 of 132 bytes failed: Only part of a ReadProcessMemory or WriteProcessMemory request was completed. (0x12B)
[1127/133701.465:ERROR:process_memory_win.cc(73)] ReadMemory at 0x234496f5610 of 132 bytes failed: Only part of a ReadProcessMemory or WriteProcessMemory request was completed. (0x12B)
[1127/133701.465:ERROR:process_memory_win.cc(73)] ReadMemory at 0x234496f5740 of 132 bytes failed: Only part of a ReadProcessMemory or WriteProcessMemory request was completed. (0x12B)
[1127/133701.465:ERROR:process_memory_win.cc(73)] ReadMemory at 0x234496f5870 of 132 bytes failed: Only part of a ReadProcessMemory or WriteProcessMemory request was completed. (0x12B)
[1127/133701.465:ERROR:process_memory_win.cc(73)] ReadMemory at 0x23449702bc0 of 76 bytes failed: Only part of a ReadProcessMemory or WriteProcessMemory request was completed. (0x12B)
[1127/133701.465:ERROR:process_memory_win.cc(73)] ReadMemory at 0x23449703040 of 78 bytes failed: Only part of a ReadProcessMemory or WriteProcessMemory request was completed. (0x12B)
[1127/133701.465:ERROR:process_memory_win.cc(73)] ReadMemory at 0x2344970d630 of 60 bytes failed: Only part of a ReadProcessMemory or WriteProcessMemory request was completed. (0x12B)
[1127/133701.465:ERROR:process_memory_win.cc(73)] ReadMemory at 0x2344970d720 of 64 bytes failed: Only part of a ReadProcessMemory or WriteProcessMemory request was completed. (0x12B)
[1127/133701.465:ERROR:process_memory_win.cc(73)] ReadMemory at 0x2344970da40 of 60 bytes failed: Only part of a ReadProcessMemory or WriteProcessMemory request was completed. (0x12B)
[1127/133701.466:ERROR:process_memory_win.cc(73)] ReadMemory at 0x2344970da90 of 60 bytes failed: Only part of a ReadProcessMemory or WriteProcessMemory request was completed. (0x12B)
[1127/133701.466:ERROR:process_memory_win.cc(73)] ReadMemory at 0x2344970e2b0 of 62 bytes failed: Only part of a ReadProcessMemory or WriteProcessMemory request was completed. (0x12B)
[1127/133701.466:ERROR:process_memory_win.cc(73)] ReadMemory at 0x2344970e490 of 62 bytes failed: Only part of a ReadProcessMemory or WriteProcessMemory request was completed. (0x12B)
[1127/133701.466:ERROR:process_memory_win.cc(73)] ReadMemory at 0x2344970e4e0 of 58 bytes failed: Only part of a ReadProcessMemory or WriteProcessMemory request was completed. (0x12B)
[1127/133701.466:ERROR:process_memory_win.cc(73)] ReadMemory at 0x2344970e530 of 66 bytes failed: Only part of a ReadProcessMemory or WriteProcessMemory request was completed. (0x12B)
[1127/133701.466:ERROR:process_memory_win.cc(73)] ReadMemory at 0x234497228a0 of 58 bytes failed: Only part of a ReadProcessMemory or WriteProcessMemory request was completed. (0x12B)
[1127/133701.466:ERROR:process_memory_win.cc(73)] ReadMemory at 0x23449730fd0 of 768 bytes failed: Only part of a ReadProcessMemory or WriteProcessMemory request was completed. (0x12B)
[1127/133701.466:ERROR:process_memory_win.cc(73)] ReadMemory at 0x23449748540 of 512 bytes failed: Only part of a ReadProcessMemory or WriteProcessMemory request was completed. (0x12B)
[1127/133701.466:ERROR:process_memory_win.cc(73)] ReadMemory at 0x234497489e0 of 512 bytes failed: Only part of a ReadProcessMemory or WriteProcessMemory request was completed. (0x12B)
[1127/133701.466:ERROR:process_memory_win.cc(73)] ReadMemory at 0x2344974fcd8 of 512 bytes failed: Only part of a ReadProcessMemory or WriteProcessMemory request was completed. (0x12B)
[1127/133701.466:ERROR:process_memory_win.cc(73)] ReadMemory at 0x23449754210 of 512 bytes failed: Only part of a ReadProcessMemory or WriteProcessMemory request was completed. (0x12B)
[1127/133701.466:ERROR:process_memory_win.cc(73)] ReadMemory at 0x23449754910 of 736 bytes failed: Only part of a ReadProcessMemory or WriteProcessMemory request was completed. (0x12B)
[1127/133701.467:ERROR:process_memory_win.cc(73)] ReadMemory at 0x2344975c090 of 512 bytes failed: Only part of a ReadProcessMemory or WriteProcessMemory request was completed. (0x12B)
[1127/133701.467:ERROR:process_memory_win.cc(73)] ReadMemory at 0x23449761eb0 of 512 bytes failed: Only part of a ReadProcessMemory or WriteProcessMemory request was completed. (0x12B)
[1127/133701.467:ERROR:process_memory_win.cc(73)] ReadMemory at 0x2344977a770 of 512 bytes failed: Only part of a ReadProcessMemory or WriteProcessMemory request was completed. (0x12B)
[1127/133701.467:ERROR:process_memory_win.cc(73)] ReadMemory at 0x2344977d9c0 of 512 bytes failed: Only part of a ReadProcessMemory or WriteProcessMemory request was completed. (0x12B)
[1127/133701.467:ERROR:process_memory_win.cc(73)] ReadMemory at 0x2344977f0b0 of 512 bytes failed: Only part of a ReadProcessMemory or WriteProcessMemory request was completed. (0x12B)
[1127/133701.467:ERROR:process_memory_win.cc(73)] ReadMemory at 0x2344978f570 of 512 bytes failed: Only part of a ReadProcessMemory or WriteProcessMemory request was completed. (0x12B)
[1127/133701.467:ERROR:process_memory_win.cc(73)] ReadMemory at 0x2fa96fd89720 of 512 bytes failed: Only part of a ReadProcessMemory or WriteProcessMemory request was completed. (0x12B)
[1127/133701.467:ERROR:process_memory_win.cc(73)] ReadMemory at 0x2fa96fda6df0 of 512 bytes failed: Only part of a ReadProcessMemory or WriteProcessMemory request was completed. (0x12B)
[1127/133701.467:ERROR:process_memory_win.cc(73)] ReadMemory at 0x5ecdd26a10b0 of 512 bytes failed: Only part of a ReadProcessMemory or WriteProcessMemory request was completed. (0x12B)
[1127/133701.467:ERROR:process_memory_win.cc(73)] ReadMemory at 0x5ecdd26a18c0 of 512 bytes failed: Only part of a ReadProcessMemory or WriteProcessMemory request was completed. (0x12B)
[1127/133701.467:ERROR:process_memory_win.cc(73)] ReadMemory at 0x78a308297b89 of 512 bytes failed: Only part of a ReadProcessMemory or WriteProcessMemory request was completed. (0x12B)
[1127/133701.467:ERROR:process_memory_win.cc(73)] ReadMemory at 0x7ffcd054bb46 of 512 bytes failed: Only part of a ReadProcessMemory or WriteProcessMemory request was completed. (0x12B)
[1127/133701.467:ERROR:process_memory_win.cc(73)] ReadMemory at 0x7ffcd0565000 of 512 bytes failed: Only part of a ReadProcessMemory or WriteProcessMemory request was completed. (0x12B)
[1127/133701.468:ERROR:process_memory_win.cc(73)] ReadMemory at 0x7ffcd31feabd of 512 bytes failed: Only part of a ReadProcessMemory or WriteProcessMemory request was completed. (0x12B)
[1127/133701.468:ERROR:process_memory_win.cc(73)] ReadMemory at 0x7ffd0367a1a0 of 512 bytes failed: Only part of a ReadProcessMemory or WriteProcessMemory request was completed. (0x12B)
[1127/133701.468:ERROR:process_memory_win.cc(73)] ReadMemory at 0x7ffd0ed29d88 of 512 bytes failed: Only part of a ReadProcessMemory or WriteProcessMemory request was completed. (0x12B)
[1127/133701.468:ERROR:process_memory_win.cc(73)] ReadMemory at 0x7ffd0ed2a0d7 of 512 bytes failed: Only part of a ReadProcessMemory or WriteProcessMemory request was completed. (0x12B)
[1127/133701.468:ERROR:process_memory_win.cc(73)] ReadMemory at 0x7ffd0fee2070 of 512 bytes failed: Only part of a ReadProcessMemory or WriteProcessMemory request was completed. (0x12B)
[1127/133701.468:ERROR:process_memory_win.cc(73)] ReadMemory at 0x7ffd121c1250 of 512 bytes failed: Only part of a ReadProcessMemory or WriteProcessMemory request was completed. (0x12B)
[1127/133701.468:ERROR:process_memory_win.cc(73)] ReadMemory at 0x7ffd121c29e0 of 512 bytes failed: Only part of a ReadProcessMemory or WriteProcessMemory request was completed. (0x12B)
[1127/133701.468:ERROR:process_memory_win.cc(73)] ReadMemory at 0x7ffd121c2e80 of 512 bytes failed: Only part of a ReadProcessMemory or WriteProcessMemory request was completed. (0x12B)
[1127/133701.468:ERROR:process_memory_win.cc(73)] ReadMemory at 0x7ffd122162b0 of 512 bytes failed: Only part of a ReadProcessMemory or WriteProcessMemory request was completed. (0x12B)
[1127/133701.468:ERROR:process_memory_win.cc(73)] ReadMemory at 0x7ffd122253b4 of 672 bytes failed: Only part of a ReadProcessMemory or WriteProcessMemory request was completed. (0x12B)
[1127/133701.468:ERROR:process_memory_win.cc(73)] ReadMemory at 0x7ffd122259b4 of 512 bytes failed: Only part of a ReadProcessMemory or WriteProcessMemory request was completed. (0x12B)
[1127/133701.468:ERROR:process_memory_win.cc(73)] ReadMemory at 0x7ffd12228b64 of 608 bytes failed: Only part of a ReadProcessMemory or WriteProcessMemory request was completed. (0x12B)
[1127/133701.468:ERROR:process_memory_win.cc(73)] ReadMemory at 0x7ffd122a38e0 of 18 bytes failed: Only part of a ReadProcessMemory or WriteProcessMemory request was completed. (0x12B)
[1127/133701.468:ERROR:process_memory_win.cc(73)] ReadMemory at 0x7ffd122d55a8 of 40 bytes failed: Only part of a ReadProcessMemory or WriteProcessMemory request was completed. (0x12B)
[1127/133701.469:ERROR:process_memory_win.cc(73)] ReadMemory at 0x7ffd122d59a8 of 48 bytes failed: Only part of a ReadProcessMemory or WriteProcessMemory request was completed. (0x12B)
[1127/133701.469:ERROR:process_memory_win.cc(73)] ReadMemory at 0x7ffd122db340 of 64 bytes failed: Only part of a ReadProcessMemory or WriteProcessMemory request was completed. (0x12B)
[1127/133701.471:ERROR:scoped_process_suspend.cc(40)] NtResumeProcess: An attempt was made to access an exiting process. (0xc000010a)
